<?xml version="1.0" encoding="UTF-8"?>
<testsuite name="RectangleAreaTest" tests="1" skipped="0" failures="0" errors="0" timestamp="2022-08-29T20:45:21" hostname="SHREYAWANISHA" time="0.039">
  <properties/>
  <testcase name="checkAreaOfRectangle()" classname="RectangleAreaTest" time="0.039"/>
  <system-out><![CDATA[]]></system-out>
  <system-err><![CDATA[]]></system-err>
</testsuite>
